Using pre-set license
Built from '6000.0/staging' branch; Version is '6000.0.37f1 (090b7797214c) revision 592759'; Using compiler version '193933523'; Build Type 'Release'
OS: 'Windows 11  (10.0.26100) 64bit CoreSingleLanguage' Language: 'en' Physical Memory: 7975 MB
BatchMode: 1, IsHumanControllingUs: 0, StartBugReporterOnCrash: 0, Is64bit: 1, IsPro: 1

COMMAND LINE ARGUMENTS:
D:\Anime\Unity Hub\6000.0.37f1\Editor\Unity.exe
-adb2
-batchMode
-noUpm
-name
AssetImportWorker0
-projectPath
D:/Anime/Blue Lock S2/Hide-Find-Seek-
-logFile
Logs/AssetImportWorker0.log
-srvPort
49875
-job-worker-count
3
-background-job-worker-count
8
-gc-helper-count
1
Successfully changed project path to: D:/Anime/Blue Lock S2/Hide-Find-Seek-
D:/Anime/Blue Lock S2/Hide-Find-Seek-
[UnityMemory] Configuration Parameters - Can be set up in boot.config
    "memorysetup-bucket-allocator-granularity=16"
    "memorysetup-bucket-allocator-bucket-count=8"
    "memorysetup-bucket-allocator-block-size=33554432"
    "memorysetup-bucket-allocator-block-count=8"
    "memorysetup-main-allocator-block-size=16777216"
    "memorysetup-thread-allocator-block-size=16777216"
    "memorysetup-gfx-main-allocator-block-size=16777216"
    "memorysetup-gfx-thread-allocator-block-size=16777216"
    "memorysetup-cache-allocator-block-size=4194304"
    "memorysetup-typetree-allocator-block-size=2097152"
    "memorysetup-profiler-bucket-allocator-granularity=16"
    "memorysetup-profiler-bucket-allocator-bucket-count=8"
    "memorysetup-profiler-bucket-allocator-block-size=33554432"
    "memorysetup-profiler-bucket-allocator-block-count=8"
    "memorysetup-profiler-allocator-block-size=16777216"
    "memorysetup-profiler-editor-allocator-block-size=1048576"
    "memorysetup-temp-allocator-size-main=16777216"
    "memorysetup-job-temp-allocator-block-size=2097152"
    "memorysetup-job-temp-allocator-block-size-background=1048576"
    "memorysetup-job-temp-allocator-reduction-small-platforms=262144"
    "memorysetup-allocator-temp-initial-block-size-main=262144"
    "memorysetup-allocator-temp-initial-block-size-worker=262144"
    "memorysetup-temp-allocator-size-background-worker=32768"
    "memorysetup-temp-allocator-size-job-worker=262144"
    "memorysetup-temp-allocator-size-preload-manager=33554432"
    "memorysetup-temp-allocator-size-nav-mesh-worker=65536"
    "memorysetup-temp-allocator-size-audio-worker=65536"
    "memorysetup-temp-allocator-size-cloud-worker=32768"
    "memorysetup-temp-allocator-size-gi-baking-worker=262144"
    "memorysetup-temp-allocator-size-gi-baking-worker=262144"
    "memorysetup-temp-allocator-size-gi-baking-worker=262144"
    "memorysetup-temp-allocator-size-gi-baking-worker=262144"
    "memorysetup-temp-allocator-size-gi-baking-worker=262144"
    "memorysetup-temp-allocator-size-gfx=262144"
Player connection [12208]  Target information:

Player connection [12208]  * "[IP] 192.168.1.9 [Port] 0 [Flags] 2 [Guid] 2947995036 [EditorId] 2947995036 [Version] 1048832 [Id] WindowsEditor(7,LAPTOP-UOBL2H9T) [Debug] 1 [PackageName] WindowsEditor [ProjectName] Editor" 

Player connection [12208] Host joined multi-casting on [225.0.0.222:54997]...
Player connection [12208] Host joined alternative multi-casting on [225.0.0.222:34997]...
JobSystem: Creating JobQueue using job-worker-count value 3
Input System module state changed to: Initialized.
[Physics::Module] Initialized fallback backend.
[Physics::Module] Id: 0xdecafbad
Library Redirect Path: Library/
[Physics::Module] Selected backend.
[Physics::Module] Name: PhysX
[Physics::Module] Id: 0xf2b8ea05
[Physics::Module] SDK Version: 4.1.2
[Physics::Module] Integration Version: 1.0.0
[Physics::Module] Threading Mode: Multi-Threaded
Refreshing native plugins compatible for Editor in 9.15 ms, found 3 plugins.
Preloading 0 native plugins for Editor in 0.00 ms.
Initialize engine version: 6000.0.37f1 (090b7797214c)
[Subsystems] Discovering subsystems at path D:/Anime/Unity Hub/6000.0.37f1/Editor/Data/Resources/UnitySubsystems
[Subsystems] Discovering subsystems at path D:/Anime/Blue Lock S2/Hide-Find-Seek-/Assets
GfxDevice: creating device client; kGfxThreadingModeNonThreaded
Direct3D:
    Version:  Direct3D 11.0 [level 11.1]
    Renderer: NVIDIA GeForce RTX 3050 Laptop GPU (ID=0x25a2)
    Vendor:   NVIDIA
    VRAM:     3965 MB
    Driver:   32.0.15.6603
Initialize mono
Mono path[0] = 'D:/Anime/Unity Hub/6000.0.37f1/Editor/Data/Managed'
Mono path[1] = 'D:/Anime/Unity Hub/6000.0.37f1/Editor/Data/MonoBleedingEdge/lib/mono/unityjit-win32'
Mono config path = 'D:/Anime/Unity Hub/6000.0.37f1/Editor/Data/MonoBleedingEdge/etc'
Using monoOptions --debugger-agent=transport=dt_socket,embedding=1,server=y,suspend=n,address=127.0.0.1:56708
Begin MonoManager ReloadAssembly
Registering precompiled unity dll's ...
Register platform support module: D:/Anime/Unity Hub/6000.0.37f1/Editor/Data/PlaybackEngines/WindowsStandaloneSupport/UnityEditor.WindowsStandalone.Extensions.dll
Register platform support module: D:/Anime/Unity Hub/6000.0.37f1/Editor/Data/PlaybackEngines/AndroidPlayer/UnityEditor.Android.Extensions.dll
Register platform support module: D:/Anime/Unity Hub/6000.0.37f1/Editor/Data/PlaybackEngines/iOSSupport/UnityEditor.iOS.Extensions.dll
Registered in 0.003790 seconds.
- Loaded All Assemblies, in  0.502 seconds
[usbmuxd] Start listen thread
[usbmuxd] Listen thread started
Native extension for iOS target not found
Native extension for Android target not found
Android Extension - Scanning For ADB Devices 402 ms
Native extension for WindowsStandalone target not found
Mono: successfully reloaded assembly
- Finished resetting the current domain, in  0.914 seconds
Domain Reload Profiling: 1416ms
	BeginReloadAssembly (161ms)
		ExecutionOrderSort (0ms)
		DisableScriptedObjects (0ms)
		BackupInstance (0ms)
		ReleaseScriptingObjects (0ms)
		CreateAndSetChildDomain (1ms)
	RebuildCommonClasses (44ms)
	RebuildNativeTypeToScriptingClass (15ms)
	initialDomainReloadingComplete (53ms)
	LoadAllAssembliesAndSetupDomain (229ms)
		LoadAssemblies (161ms)
		RebuildTransferFunctionScriptingTraits (0ms)
		AnalyzeDomain (225ms)
			TypeCache.Refresh (222ms)
				TypeCache.ScanAssembly (201ms)
			BuildScriptInfoCaches (0ms)
			ResolveRequiredComponents (1ms)
	FinalizeReload (914ms)
		ReleaseScriptCaches (0ms)
		RebuildScriptCaches (0ms)
		SetupLoadedEditorAssemblies (868ms)
			LogAssemblyErrors (0ms)
			InitializePlatformSupportModulesInManaged (587ms)
			SetLoadedEditorAssemblies (4ms)
			BeforeProcessingInitializeOnLoad (60ms)
			ProcessInitializeOnLoadAttributes (140ms)
			ProcessInitializeOnLoadMethodAttributes (77ms)
			AfterProcessingInitializeOnLoad (0ms)
			EditorAssembliesLoaded (0ms)
		ExecutionOrderSort2 (0ms)
		AwakeInstancesAfterBackupRestoration (0ms)
========================================================================
Worker process is ready to serve import requests
Import Worker Mode flag is 0x00
Begin MonoManager ReloadAssembly
Symbol file LoadedFromMemory is not a mono symbol file
- Loaded All Assemblies, in  1.305 seconds
Refreshing native plugins compatible for Editor in 4.05 ms, found 3 plugins.
Native extension for iOS target not found
Native extension for Android target not found
Native extension for WindowsStandalone target not found
Refreshing native plugins compatible for Editor in 4.88 ms, found 3 plugins.
Mono: successfully reloaded assembly
- Finished resetting the current domain, in  1.306 seconds
Domain Reload Profiling: 2609ms
	BeginReloadAssembly (220ms)
		ExecutionOrderSort (0ms)
		DisableScriptedObjects (6ms)
		BackupInstance (0ms)
		ReleaseScriptingObjects (0ms)
		CreateAndSetChildDomain (39ms)
	RebuildCommonClasses (45ms)
	RebuildNativeTypeToScriptingClass (14ms)
	initialDomainReloadingComplete (81ms)
	LoadAllAssembliesAndSetupDomain (943ms)
		LoadAssemblies (650ms)
		RebuildTransferFunctionScriptingTraits (0ms)
		AnalyzeDomain (431ms)
			TypeCache.Refresh (316ms)
				TypeCache.ScanAssembly (285ms)
			BuildScriptInfoCaches (96ms)
			ResolveRequiredComponents (14ms)
	FinalizeReload (1306ms)
		ReleaseScriptCaches (0ms)
		RebuildScriptCaches (0ms)
		SetupLoadedEditorAssemblies (1138ms)
			LogAssemblyErrors (0ms)
			InitializePlatformSupportModulesInManaged (18ms)
			SetLoadedEditorAssemblies (4ms)
			BeforeProcessingInitializeOnLoad (185ms)
			ProcessInitializeOnLoadAttributes (521ms)
			ProcessInitializeOnLoadMethodAttributes (409ms)
			AfterProcessingInitializeOnLoad (2ms)
			EditorAssembliesLoaded (1ms)
		ExecutionOrderSort2 (0ms)
		AwakeInstancesAfterBackupRestoration (8ms)
Launched and connected shader compiler UnityShaderCompiler.exe after 0.02 seconds
Refreshing native plugins compatible for Editor in 4.85 ms, found 3 plugins.
Preloading 0 native plugins for Editor in 0.00 ms.
Unloading 146 Unused Serialized files (Serialized files now loaded: 0)
Unloading 9141 unused Assets / (7.9 MB). Loaded Objects now: 9695.
Memory consumption went from 177.2 MB to 169.3 MB.
Total: 25.718000 ms (FindLiveObjects: 2.303400 ms CreateObjectMapping: 2.694600 ms MarkObjects: 13.806500 ms  DeleteObjects: 6.911600 ms)

========================================================================
Received Import Request.
  Time since last request: 372.956460 seconds.
  path: Assets/GorodiskiGames/HideFindSeek/Scripts/Level
  artifactKey: Guid(bc57d0f07c519124c81b4d4d2987c205) Importer(815301076,1909f56bfc062723c751e8b465ee728b)
Start importing Assets/GorodiskiGames/HideFindSeek/Scripts/Level using Guid(bc57d0f07c519124c81b4d4d2987c205) Importer(815301076,1909f56bfc062723c751e8b465ee728b) (PreviewImporter) -> (artifact id: 'be6c238e2d13df01a880ed6cc4dadd5a') in 0.0138812 seconds
Number of updated asset objects reloaded before import = 0Number of asset objects unloaded after import = 0

========================================================================
Received Import Request.
  Time since last request: 2.355803 seconds.
  path: Assets/GorodiskiGames/HideFindSeek/Scripts/Level/Unit
  artifactKey: Guid(616e38811b357244ba220aad9d846346) Importer(815301076,1909f56bfc062723c751e8b465ee728b)
Start importing Assets/GorodiskiGames/HideFindSeek/Scripts/Level/Unit using Guid(616e38811b357244ba220aad9d846346) Importer(815301076,1909f56bfc062723c751e8b465ee728b) (PreviewImporter) -> (artifact id: 'c0d0205a33b7c032416df23ed01591f8') in 0.0008544 seconds
Number of updated asset objects reloaded before import = 0Number of asset objects unloaded after import = 0

========================================================================
Received Import Request.
  Time since last request: 1.862491 seconds.
  path: Assets/GorodiskiGames/HideFindSeek/Scripts/Level/Unit/States
  artifactKey: Guid(55fd533bf0b4cbc4fafdc69813e23264) Importer(815301076,1909f56bfc062723c751e8b465ee728b)
Start importing Assets/GorodiskiGames/HideFindSeek/Scripts/Level/Unit/States using Guid(55fd533bf0b4cbc4fafdc69813e23264) Importer(815301076,1909f56bfc062723c751e8b465ee728b) (PreviewImporter) -> (artifact id: 'a21f4fda97148bc7d792e83b7d41788f') in 0.0008739 seconds
Number of updated asset objects reloaded before import = 0Number of asset objects unloaded after import = 0

========================================================================
Received Import Request.
  Time since last request: 4.038278 seconds.
  path: Assets/GorodiskiGames/HideFindSeek/Scripts/Level/Unit/States/UnitWalkState.cs
  artifactKey: Guid(f037b6a9cea7c424eab800f97fe12c99) Importer(815301076,1909f56bfc062723c751e8b465ee728b)
Start importing Assets/GorodiskiGames/HideFindSeek/Scripts/Level/Unit/States/UnitWalkState.cs using Guid(f037b6a9cea7c424eab800f97fe12c99) Importer(815301076,1909f56bfc062723c751e8b465ee728b) (PreviewImporter) -> (artifact id: 'b10c301bd18c0bcc9563678fb323bfa7') in 0.0010207 seconds
Number of updated asset objects reloaded before import = 0Number of asset objects unloaded after import = 0

========================================================================
Received Import Request.
  Time since last request: 1.445670 seconds.
  path: Assets/GorodiskiGames/HideFindSeek/Scripts/Level/Unit/States/UnitStopState.cs
  artifactKey: Guid(2052bbd9c5c194c4d9227242ef1d11a0) Importer(815301076,1909f56bfc062723c751e8b465ee728b)
Start importing Assets/GorodiskiGames/HideFindSeek/Scripts/Level/Unit/States/UnitStopState.cs using Guid(2052bbd9c5c194c4d9227242ef1d11a0) Importer(815301076,1909f56bfc062723c751e8b465ee728b) (PreviewImporter) -> (artifact id: '6a8237c1c6324e3f233a28902ec0dab1') in 0.0011168 seconds
Number of updated asset objects reloaded before import = 0Number of asset objects unloaded after import = 0

========================================================================
Received Import Request.
  Time since last request: 0.626748 seconds.
  path: Assets/GorodiskiGames/HideFindSeek/Scripts/Level/Unit/States/UnitState.cs
  artifactKey: Guid(ebdebc78eb4470b49a272fe403353683) Importer(815301076,1909f56bfc062723c751e8b465ee728b)
Start importing Assets/GorodiskiGames/HideFindSeek/Scripts/Level/Unit/States/UnitState.cs using Guid(ebdebc78eb4470b49a272fe403353683) Importer(815301076,1909f56bfc062723c751e8b465ee728b) (PreviewImporter) -> (artifact id: 'c4387a497501e59237a66013413b1137') in 0.001457 seconds
Number of updated asset objects reloaded before import = 0Number of asset objects unloaded after import = 0

========================================================================
Received Import Request.
  Time since last request: 0.934144 seconds.
  path: Assets/GorodiskiGames/HideFindSeek/Scripts/Level/Unit/States/UnitIdleState.cs
  artifactKey: Guid(42be88fef7e244774a4074f7c3c9307f) Importer(815301076,1909f56bfc062723c751e8b465ee728b)
Start importing Assets/GorodiskiGames/HideFindSeek/Scripts/Level/Unit/States/UnitIdleState.cs using Guid(42be88fef7e244774a4074f7c3c9307f) Importer(815301076,1909f56bfc062723c751e8b465ee728b) (PreviewImporter) -> (artifact id: '8e6f70495dfd448f74b1c1f5b67a1f23') in 0.0011764 seconds
Number of updated asset objects reloaded before import = 0Number of asset objects unloaded after import = 0

========================================================================
Received Import Request.
  Time since last request: 0.788399 seconds.
  path: Assets/GorodiskiGames/HideFindSeek/Scripts/Level/Unit/States/UnitFreeState.cs
  artifactKey: Guid(f786b0bcb337048e5b841c8c806f6387) Importer(815301076,1909f56bfc062723c751e8b465ee728b)
Start importing Assets/GorodiskiGames/HideFindSeek/Scripts/Level/Unit/States/UnitFreeState.cs using Guid(f786b0bcb337048e5b841c8c806f6387) Importer(815301076,1909f56bfc062723c751e8b465ee728b) (PreviewImporter) -> (artifact id: '58983306548b206fe23ab63e77a33c77') in 0.0007763 seconds
Number of updated asset objects reloaded before import = 0Number of asset objects unloaded after import = 0

========================================================================
Received Import Request.
  Time since last request: 1.428537 seconds.
  path: Assets/GorodiskiGames/HideFindSeek/Scripts/Level/Unit/States/UnitDiedState.cs
  artifactKey: Guid(242814cc06b014c5b9bd2f3e1a7e23f2) Importer(815301076,1909f56bfc062723c751e8b465ee728b)
Start importing Assets/GorodiskiGames/HideFindSeek/Scripts/Level/Unit/States/UnitDiedState.cs using Guid(242814cc06b014c5b9bd2f3e1a7e23f2) Importer(815301076,1909f56bfc062723c751e8b465ee728b) (PreviewImporter) -> (artifact id: '30c3ca083c39565cad3f0bbad55bca85') in 0.0007296 seconds
Number of updated asset objects reloaded before import = 0Number of asset objects unloaded after import = 0

========================================================================
Received Import Request.
  Time since last request: 0.908688 seconds.
  path: Assets/GorodiskiGames/HideFindSeek/Scripts/Level/Unit/States/UnitCaughtState.cs
  artifactKey: Guid(9f372cb7af41c498bb561065577aa4cd) Importer(815301076,1909f56bfc062723c751e8b465ee728b)
Start importing Assets/GorodiskiGames/HideFindSeek/Scripts/Level/Unit/States/UnitCaughtState.cs using Guid(9f372cb7af41c498bb561065577aa4cd) Importer(815301076,1909f56bfc062723c751e8b465ee728b) (PreviewImporter) -> (artifact id: 'fb38fe3918b646671e415785bfb9ccc8') in 0.0009677 seconds
Number of updated asset objects reloaded before import = 0Number of asset objects unloaded after import = 0

========================================================================
Received Import Request.
  Time since last request: 7.274617 seconds.
  path: Assets/GorodiskiGames/HideFindSeek/Scripts/Level/Unit/UnitController.cs
  artifactKey: Guid(8a3c17d504fb9b747bbd214b9b3f7df1) Importer(815301076,1909f56bfc062723c751e8b465ee728b)
Start importing Assets/GorodiskiGames/HideFindSeek/Scripts/Level/Unit/UnitController.cs using Guid(8a3c17d504fb9b747bbd214b9b3f7df1) Importer(815301076,1909f56bfc062723c751e8b465ee728b) (PreviewImporter) -> (artifact id: '0dd1d77e1cc23507509bc9203e1d5b1e') in 0.0008677 seconds
Number of updated asset objects reloaded before import = 0Number of asset objects unloaded after import = 0

========================================================================
Received Import Request.
  Time since last request: 10.658653 seconds.
  path: Assets/GorodiskiGames/HideFindSeek/Scripts/Level/View
  artifactKey: Guid(97026b3be4fb7414c90441a3132b3b03) Importer(815301076,1909f56bfc062723c751e8b465ee728b)
Start importing Assets/GorodiskiGames/HideFindSeek/Scripts/Level/View using Guid(97026b3be4fb7414c90441a3132b3b03) Importer(815301076,1909f56bfc062723c751e8b465ee728b) (PreviewImporter) -> (artifact id: 'b1f298a238511e284b1aeae4068d0b49') in 0.0006703 seconds
Number of updated asset objects reloaded before import = 0Number of asset objects unloaded after import = 0

========================================================================
Received Import Request.
  Time since last request: 1.748637 seconds.
  path: Assets/GorodiskiGames/HideFindSeek/Scripts/Level/View/AnimationUnitView.cs
  artifactKey: Guid(3cc119c206e635f4192c0f361a54d232) Importer(815301076,1909f56bfc062723c751e8b465ee728b)
Start importing Assets/GorodiskiGames/HideFindSeek/Scripts/Level/View/AnimationUnitView.cs using Guid(3cc119c206e635f4192c0f361a54d232) Importer(815301076,1909f56bfc062723c751e8b465ee728b) (PreviewImporter) -> (artifact id: 'd3b5226c199cac0d71c653a09567df90') in 0.0006925 seconds
Number of updated asset objects reloaded before import = 0Number of asset objects unloaded after import = 0

========================================================================
Received Import Request.
  Time since last request: 0.979949 seconds.
  path: Assets/GorodiskiGames/HideFindSeek/Scripts/Level/View/DoorView.cs
  artifactKey: Guid(d98f85ff6a835ad41b48504ea0a8480a) Importer(815301076,1909f56bfc062723c751e8b465ee728b)
Start importing Assets/GorodiskiGames/HideFindSeek/Scripts/Level/View/DoorView.cs using Guid(d98f85ff6a835ad41b48504ea0a8480a) Importer(815301076,1909f56bfc062723c751e8b465ee728b) (PreviewImporter) -> (artifact id: 'eb403ebfa6812be600df01ed3131ba14') in 0.0010354 seconds
Number of updated asset objects reloaded before import = 0Number of asset objects unloaded after import = 0

========================================================================
Received Import Request.
  Time since last request: 0.345758 seconds.
  path: Assets/GorodiskiGames/HideFindSeek/Scripts/Level/View/EffectView.cs
  artifactKey: Guid(18a9df3b4bf144923a0e04cfe7931d83) Importer(815301076,1909f56bfc062723c751e8b465ee728b)
Start importing Assets/GorodiskiGames/HideFindSeek/Scripts/Level/View/EffectView.cs using Guid(18a9df3b4bf144923a0e04cfe7931d83) Importer(815301076,1909f56bfc062723c751e8b465ee728b) (PreviewImporter) -> (artifact id: 'c4d67723783f3e5e23b34c3ca024c396') in 0.0007226 seconds
Number of updated asset objects reloaded before import = 0Number of asset objects unloaded after import = 0

========================================================================
Received Import Request.
  Time since last request: 0.424660 seconds.
  path: Assets/GorodiskiGames/HideFindSeek/Scripts/Level/View/FieldOfView.cs
  artifactKey: Guid(16c70ee28257344af8355d7813e7c2c5) Importer(815301076,1909f56bfc062723c751e8b465ee728b)
Start importing Assets/GorodiskiGames/HideFindSeek/Scripts/Level/View/FieldOfView.cs using Guid(16c70ee28257344af8355d7813e7c2c5) Importer(815301076,1909f56bfc062723c751e8b465ee728b) (PreviewImporter) -> (artifact id: 'd4e1ba4b4ce6b24d5cc6508dd03aec95') in 0.0011636 seconds
Number of updated asset objects reloaded before import = 0Number of asset objects unloaded after import = 0

========================================================================
Received Import Request.
  Time since last request: 0.417953 seconds.
  path: Assets/GorodiskiGames/HideFindSeek/Scripts/Level/View/LevelView.cs
  artifactKey: Guid(addd812b8a8c6f24e977890ac1d13f24) Importer(815301076,1909f56bfc062723c751e8b465ee728b)
Start importing Assets/GorodiskiGames/HideFindSeek/Scripts/Level/View/LevelView.cs using Guid(addd812b8a8c6f24e977890ac1d13f24) Importer(815301076,1909f56bfc062723c751e8b465ee728b) (PreviewImporter) -> (artifact id: '1fc1a0ae1d37a957f5497fb1ebdba75b') in 0.0008169 seconds
Number of updated asset objects reloaded before import = 0Number of asset objects unloaded after import = 0

========================================================================
Received Import Request.
  Time since last request: 0.900501 seconds.
  path: Assets/GorodiskiGames/HideFindSeek/Scripts/Level/View/UnitView.cs
  artifactKey: Guid(42b8350c87b237e4d9ee6e002cc21145) Importer(815301076,1909f56bfc062723c751e8b465ee728b)
Start importing Assets/GorodiskiGames/HideFindSeek/Scripts/Level/View/UnitView.cs using Guid(42b8350c87b237e4d9ee6e002cc21145) Importer(815301076,1909f56bfc062723c751e8b465ee728b) (PreviewImporter) -> (artifact id: '935dcaa8efcece798cc452f7a5979488') in 0.0006621 seconds
Number of updated asset objects reloaded before import = 0Number of asset objects unloaded after import = 0

========================================================================
Received Import Request.
  Time since last request: 13.365247 seconds.
  path: Assets/GorodiskiGames/HideFindSeek/Scripts/GameConstants.cs
  artifactKey: Guid(ad5e1241cee6346169f64631ba8b6dff) Importer(815301076,1909f56bfc062723c751e8b465ee728b)
Start importing Assets/GorodiskiGames/HideFindSeek/Scripts/GameConstants.cs using Guid(ad5e1241cee6346169f64631ba8b6dff) Importer(815301076,1909f56bfc062723c751e8b465ee728b) (PreviewImporter) -> (artifact id: 'c564bb0a3b6c5f3183cd0fd978c52e14') in 0.000719 seconds
Number of updated asset objects reloaded before import = 0Number of asset objects unloaded after import = 0

========================================================================
Received Import Request.
  Time since last request: 1.039419 seconds.
  path: Assets/GorodiskiGames/HideFindSeek/Scripts/GameStartBehaviour.cs
  artifactKey: Guid(8ea74efe790dddc429aa1dea38dcef2a) Importer(815301076,1909f56bfc062723c751e8b465ee728b)
Start importing Assets/GorodiskiGames/HideFindSeek/Scripts/GameStartBehaviour.cs using Guid(8ea74efe790dddc429aa1dea38dcef2a) Importer(815301076,1909f56bfc062723c751e8b465ee728b) (PreviewImporter) -> (artifact id: '477dd47510d894bfa3f4a2b216fa8ae0') in 0.0008175 seconds
Number of updated asset objects reloaded before import = 0Number of asset objects unloaded after import = 0

========================================================================
Received Import Request.
  Time since last request: 254.228980 seconds.
  path: Assets/GorodiskiGames/HideFindSeek/Plugins/Joystick/Sprites/Background.png
  artifactKey: Guid(071fad89c6d014b7181c5bd346bcf965) Importer(815301076,1909f56bfc062723c751e8b465ee728b)
Start importing Assets/GorodiskiGames/HideFindSeek/Plugins/Joystick/Sprites/Background.png using Guid(071fad89c6d014b7181c5bd346bcf965) Importer(815301076,1909f56bfc062723c751e8b465ee728b) (PreviewImporter) -> (artifact id: '04e161f63d60e0e718170f5b12890c6b') in 0.6996734 seconds
Number of updated asset objects reloaded before import = 0Number of asset objects unloaded after import = 3

========================================================================
Received Import Request.
  Time since last request: 833.998734 seconds.
  path: Assets/GorodiskiGames/HideFindSeek/Scripts/Config
  artifactKey: Guid(8d3024a94c22ad84c8358fa7bcd619bd) Importer(815301076,1909f56bfc062723c751e8b465ee728b)
Start importing Assets/GorodiskiGames/HideFindSeek/Scripts/Config using Guid(8d3024a94c22ad84c8358fa7bcd619bd) Importer(815301076,1909f56bfc062723c751e8b465ee728b) (PreviewImporter) -> (artifact id: '271d76cc991b697fbc5f687b407ae8e7') in 0.0172723 seconds
Number of updated asset objects reloaded before import = 0Number of asset objects unloaded after import = 0

========================================================================
Received Import Request.
  Time since last request: 1.732643 seconds.
  path: Assets/GorodiskiGames/HideFindSeek/Scripts/Config/GameConfig.cs
  artifactKey: Guid(188cb3692c5c78e429989889c0fdc4e0) Importer(815301076,1909f56bfc062723c751e8b465ee728b)
Start importing Assets/GorodiskiGames/HideFindSeek/Scripts/Config/GameConfig.cs using Guid(188cb3692c5c78e429989889c0fdc4e0) Importer(815301076,1909f56bfc062723c751e8b465ee728b) (PreviewImporter) -> (artifact id: 'e06f576e82113c8092deb0c46e24c8e2') in 0.0061713 seconds
Number of updated asset objects reloaded before import = 0Number of asset objects unloaded after import = 0

========================================================================
Received Import Request.
  Time since last request: 1.454029 seconds.
  path: Assets/GorodiskiGames/HideFindSeek/Scripts/Config/ShopProduct
  artifactKey: Guid(a934d92456f1c482bbbfc0d00ca5cab0) Importer(815301076,1909f56bfc062723c751e8b465ee728b)
Start importing Assets/GorodiskiGames/HideFindSeek/Scripts/Config/ShopProduct using Guid(a934d92456f1c482bbbfc0d00ca5cab0) Importer(815301076,1909f56bfc062723c751e8b465ee728b) (PreviewImporter) -> (artifact id: '11e23b28bb6138bc1aea37bf58cf83ea') in 0.003033 seconds
Number of updated asset objects reloaded before import = 0Number of asset objects unloaded after import = 0

